This file contains any messages produced by compilers while
running configure, to aid debugging if configure makes a mistake.

It was created by phidget22 C Library configure 1.4, which was
generated by GNU Autoconf 2.69.  Invocation command line was

  $ ./configure --prefix=/usr

## --------- ##
## Platform. ##
## --------- ##

hostname = raspberrypi
uname -m = armv7l
uname -r = 4.19.46-v7+
uname -s = Linux
uname -v = #1231 SMP Mon Jun 3 17:42:48 BST 2019

/usr/bin/uname -p = unknown
/bin/uname -X     = unknown

/bin/arch              = unknown
/usr/bin/arch -k       = unknown
/usr/convex/getsysinfo = unknown
/usr/bin/hostinfo      = unknown
/bin/machine           = unknown
/usr/bin/oslevel       = unknown
/bin/universe          = unknown

PATH: /usr/local/sbin
PATH: /usr/local/bin
PATH: /usr/sbin
PATH: /usr/bin
PATH: /sbin
PATH: /bin
PATH: /usr/local/games
PATH: /usr/games


## ----------- ##
## Core tests. ##
## ----------- ##

configure:2179: checking for a BSD-compatible install
configure:2247: result: /usr/bin/install -c
configure:2258: checking whether build environment is sane
configure:2313: result: yes
configure:2464: checking for a thread-safe mkdir -p
configure:2503: result: /bin/mkdir -p
configure:2510: checking for gawk
configure:2540: result: no
configure:2510: checking for mawk
configure:2526: found /usr/bin/mawk
configure:2537: result: mawk
configure:2548: checking whether make sets $(MAKE)
configure:2570: result: yes
configure:2599: checking whether make supports nested variables
configure:2616: result: yes
configure:2754: checking for style of include used by make
configure:2782: result: GNU
configure:2853: checking for gcc
configure:2869: found /usr/bin/gcc
configure:2880: result: gcc
configure:3109: checking for C compiler version
configure:3118: gcc --version >&5
gcc (Raspbian 6.3.0-18+rpi1+deb9u1) 6.3.0 20170516
Copyright (C) 2016 Free Software Foundation, Inc.
This is free software; see the source for copying conditions.  There is NO
warranty; not even for MERCHANTABILITY or FITNESS FOR A PARTICULAR PURPOSE.

configure:3129: $? = 0
configure:3118: gcc -v >&5
Using built-in specs.
COLLECT_GCC=gcc
COLLECT_LTO_WRAPPER=/usr/lib/gcc/arm-linux-gnueabihf/6/lto-wrapper
Target: arm-linux-gnueabihf
Configured with: ../src/configure -v --with-pkgversion='Raspbian 6.3.0-18+rpi1+deb9u1' --with-bugurl=file:///usr/share/doc/gcc-6/README.Bugs --enable-languages=c,ada,c++,java,go,d,fortran,objc,obj-c++ --prefix=/usr --program-suffix=-6 --program-prefix=arm-linux-gnueabihf- --enable-shared --enable-linker-build-id --libexecdir=/usr/lib --without-included-gettext --enable-threads=posix --libdir=/usr/lib --enable-nls --with-sysroot=/ --enable-clocale=gnu --enable-libstdcxx-debug --enable-libstdcxx-time=yes --with-default-libstdcxx-abi=new --enable-gnu-unique-object --disable-libitm --disable-libquadmath --enable-plugin --with-system-zlib --disable-browser-plugin --enable-java-awt=gtk --enable-gtk-cairo --with-java-home=/usr/lib/jvm/java-1.5.0-gcj-6-armhf/jre --enable-java-home --with-jvm-root-dir=/usr/lib/jvm/java-1.5.0-gcj-6-armhf --with-jvm-jar-dir=/usr/lib/jvm-exports/java-1.5.0-gcj-6-armhf --with-arch-directory=arm --with-ecj-jar=/usr/share/java/eclipse-ecj.jar --with-target-system-zlib --enable-objc-gc=auto --enable-multiarch --disable-sjlj-exceptions --with-arch=armv6 --with-fpu=vfp --with-float=hard --enable-checking=release --build=arm-linux-gnueabihf --host=arm-linux-gnueabihf --target=arm-linux-gnueabihf
Thread model: posix
gcc version 6.3.0 20170516 (Raspbian 6.3.0-18+rpi1+deb9u1) 
configure:3129: $? = 0
configure:3118: gcc -V >&5
gcc: error: unrecognized command line option '-V'
gcc: fatal error: no input files
compilation terminated.
configure:3129: $? = 1
configure:3118: gcc -qversion >&5
gcc: error: unrecognized command line option '-qversion'; did you mean '--version'?
gcc: fatal error: no input files
compilation terminated.
configure:3129: $? = 1
configure:3149: checking whether the C compiler works
configure:3171: gcc    conftest.c  >&5
configure:3175: $? = 0
configure:3223: result: yes
configure:3226: checking for C compiler default output file name
configure:3228: result: a.out
configure:3234: checking for suffix of executables
configure:3241: gcc -o conftest    conftest.c  >&5
configure:3245: $? = 0
configure:3267: result: 
configure:3289: checking whether we are cross compiling
configure:3297: gcc -o conftest    conftest.c  >&5
configure:3301: $? = 0
configure:3308: ./conftest
configure:3312: $? = 0
configure:3327: result: no
configure:3332: checking for suffix of object files
configure:3354: gcc -c   conftest.c >&5
configure:3358: $? = 0
configure:3379: result: o
configure:3383: checking whether we are using the GNU C compiler
configure:3402: gcc -c   conftest.c >&5
configure:3402: $? = 0
configure:3411: result: yes
configure:3420: checking whether gcc accepts -g
configure:3440: gcc -c -g  conftest.c >&5
configure:3440: $? = 0
configure:3481: result: yes
configure:3498: checking for gcc option to accept ISO C89
configure:3561: gcc  -c -g -O2  conftest.c >&5
configure:3561: $? = 0
configure:3574: result: none needed
configure:3599: checking whether gcc understands -c and -o together
configure:3621: gcc -c conftest.c -o conftest2.o
configure:3624: $? = 0
configure:3621: gcc -c conftest.c -o conftest2.o
configure:3624: $? = 0
configure:3636: result: yes
configure:3655: checking dependency style of gcc
configure:3766: result: gcc3
configure:3831: checking for ar
configure:3847: found /usr/bin/ar
configure:3858: result: ar
configure:3884: checking the archiver (ar) interface
configure:3900: gcc -c -g -O2  conftest.c >&5
configure:3900: $? = 0
configure:3902: ar cru libconftest.a conftest.o >&5
ar: `u' modifier ignored since `D' is the default (see `U')
configure:3905: $? = 0
configure:3933: result: ar
configure:3958: checking build system type
configure:3972: result: armv7l-unknown-linux-gnueabihf
configure:3992: checking host system type
configure:4005: result: armv7l-unknown-linux-gnueabihf
configure:4108: checking how to print strings
configure:4135: result: printf
configure:4156: checking for a sed that does not truncate output
configure:4220: result: /bin/sed
configure:4238: checking for grep that handles long lines and -e
configure:4296: result: /bin/grep
configure:4301: checking for egrep
configure:4363: result: /bin/grep -E
configure:4368: checking for fgrep
configure:4430: result: /bin/grep -F
configure:4465: checking for ld used by gcc
configure:4532: result: /usr/bin/ld
configure:4539: checking if the linker (/usr/bin/ld) is GNU ld
configure:4554: result: yes
configure:4566: checking for BSD- or MS-compatible name lister (nm)
configure:4615: result: /usr/bin/nm -B
configure:4745: checking the name lister (/usr/bin/nm -B) interface
configure:4752: gcc -c -g -O2  conftest.c >&5
configure:4755: /usr/bin/nm -B "conftest.o"
configure:4758: output
00000000 B some_variable
configure:4765: result: BSD nm
configure:4768: checking whether ln -s works
configure:4772: result: yes
configure:4780: checking the maximum length of command line arguments
configure:4911: result: 1572864
configure:4928: checking whether the shell understands some XSI constructs
configure:4938: result: yes
configure:4942: checking whether the shell understands "+="
configure:4948: result: yes
configure:4983: checking how to convert armv7l-unknown-linux-gnueabihf file names to armv7l-unknown-linux-gnueabihf format
configure:5023: result: func_convert_file_noop
configure:5030: checking how to convert armv7l-unknown-linux-gnueabihf file names to toolchain format
configure:5050: result: func_convert_file_noop
configure:5057: checking for /usr/bin/ld option to reload object files
configure:5064: result: -r
configure:5138: checking for objdump
configure:5154: found /usr/bin/objdump
configure:5165: result: objdump
configure:5197: checking how to recognize dependent libraries
configure:5395: result: pass_all
configure:5480: checking for dlltool
configure:5510: result: no
configure:5540: checking how to associate runtime and link libraries
configure:5567: result: printf %s\n
configure:5691: checking for archiver @FILE support
configure:5708: gcc -c -g -O2  conftest.c >&5
configure:5708: $? = 0
configure:5711: ar cru libconftest.a @conftest.lst >&5
ar: `u' modifier ignored since `D' is the default (see `U')
configure:5714: $? = 0
configure:5719: ar cru libconftest.a @conftest.lst >&5
ar: `u' modifier ignored since `D' is the default (see `U')
ar: conftest.o: No such file or directory
configure:5722: $? = 1
configure:5734: result: @
configure:5792: checking for strip
configure:5808: found /usr/bin/strip
configure:5819: result: strip
configure:5891: checking for ranlib
configure:5907: found /usr/bin/ranlib
configure:5918: result: ranlib
configure:6020: checking command to parse /usr/bin/nm -B output from gcc object
configure:6140: gcc -c -g -O2  conftest.c >&5
configure:6143: $? = 0
configure:6147: /usr/bin/nm -B conftest.o \| sed -n -e 's/^.*[ ]\([ABCDGIRSTW][ABCDGIRSTW]*\)[ ][ ]*\([_A-Za-z][_A-Za-z0-9]*\)$/\1 \2 \2/p' | sed '/ __gnu_lto/d' \> conftest.nm
configure:6150: $? = 0
configure:6216: gcc -o conftest -g -O2   conftest.c conftstm.o >&5
configure:6219: $? = 0
configure:6257: result: ok
configure:6294: checking for sysroot
configure:6324: result: no
configure:6593: checking for mt
configure:6609: found /bin/mt
configure:6620: result: mt
configure:6643: checking if mt is a manifest tool
configure:6649: mt '-?'
configure:6657: result: no
configure:7299: checking how to run the C preprocessor
configure:7330: gcc -E  conftest.c
configure:7330: $? = 0
configure:7344: gcc -E  conftest.c
conftest.c:13:28: fatal error: ac_nonexistent.h: No such file or directory
 #include <ac_nonexistent.h>
                            ^
compilation terminated.
configure:7344: $? = 1
configure: failed program was:
| /* confdefs.h */
| #define PACKAGE_NAME "phidget22 C Library"
| #define PACKAGE_TARNAME "libphidget22"
| #define PACKAGE_VERSION "1.4"
| #define PACKAGE_STRING "phidget22 C Library 1.4"
| #define PACKAGE_BUGREPORT "support@phidgets.com"
| #define PACKAGE_URL "www.phidgets.com"
| #define PACKAGE "libphidget22"
| #define VERSION "1.4"
| #define _HOST_CPU armv7l
| #define _MACHINE armv7l
| /* end confdefs.h.  */
| #include <ac_nonexistent.h>
configure:7369: result: gcc -E
configure:7389: gcc -E  conftest.c
configure:7389: $? = 0
configure:7403: gcc -E  conftest.c
conftest.c:13:28: fatal error: ac_nonexistent.h: No such file or directory
 #include <ac_nonexistent.h>
                            ^
compilation terminated.
configure:7403: $? = 1
configure: failed program was:
| /* confdefs.h */
| #define PACKAGE_NAME "phidget22 C Library"
| #define PACKAGE_TARNAME "libphidget22"
| #define PACKAGE_VERSION "1.4"
| #define PACKAGE_STRING "phidget22 C Library 1.4"
| #define PACKAGE_BUGREPORT "support@phidgets.com"
| #define PACKAGE_URL "www.phidgets.com"
| #define PACKAGE "libphidget22"
| #define VERSION "1.4"
| #define _HOST_CPU armv7l
| #define _MACHINE armv7l
| /* end confdefs.h.  */
| #include <ac_nonexistent.h>
configure:7432: checking for ANSI C header files
configure:7452: gcc -c -g -O2  conftest.c >&5
configure:7452: $? = 0
configure:7525: gcc -o conftest -g -O2   conftest.c  >&5
configure:7525: $? = 0
configure:7525: ./conftest
configure:7525: $? = 0
configure:7536: result: yes
configure:7549: checking for sys/types.h
configure:7549: gcc -c -g -O2  conftest.c >&5
configure:7549: $? = 0
configure:7549: result: yes
configure:7549: checking for sys/stat.h
configure:7549: gcc -c -g -O2  conftest.c >&5
configure:7549: $? = 0
configure:7549: result: yes
configure:7549: checking for stdlib.h
configure:7549: gcc -c -g -O2  conftest.c >&5
configure:7549: $? = 0
configure:7549: result: yes
configure:7549: checking for string.h
configure:7549: gcc -c -g -O2  conftest.c >&5
configure:7549: $? = 0
configure:7549: result: yes
configure:7549: checking for memory.h
configure:7549: gcc -c -g -O2  conftest.c >&5
configure:7549: $? = 0
configure:7549: result: yes
configure:7549: checking for strings.h
configure:7549: gcc -c -g -O2  conftest.c >&5
configure:7549: $? = 0
configure:7549: result: yes
configure:7549: checking for inttypes.h
configure:7549: gcc -c -g -O2  conftest.c >&5
configure:7549: $? = 0
configure:7549: result: yes
configure:7549: checking for stdint.h
configure:7549: gcc -c -g -O2  conftest.c >&5
configure:7549: $? = 0
configure:7549: result: yes
configure:7549: checking for unistd.h
configure:7549: gcc -c -g -O2  conftest.c >&5
configure:7549: $? = 0
configure:7549: result: yes
configure:7563: checking for dlfcn.h
configure:7563: gcc -c -g -O2  conftest.c >&5
configure:7563: $? = 0
configure:7563: result: yes
configure:7769: checking for objdir
configure:7784: result: .libs
configure:8055: checking if gcc supports -fno-rtti -fno-exceptions
configure:8073: gcc -c -g -O2  -fno-rtti -fno-exceptions conftest.c >&5
cc1: warning: command line option '-fno-rtti' is valid for C++/ObjC++ but not for C
configure:8077: $? = 0
configure:8090: result: no
configure:8417: checking for gcc option to produce PIC
configure:8424: result: -fPIC -DPIC
configure:8432: checking if gcc PIC flag -fPIC -DPIC works
configure:8450: gcc -c -g -O2  -fPIC -DPIC -DPIC conftest.c >&5
configure:8454: $? = 0
configure:8467: result: yes
configure:8496: checking if gcc static flag -static works
configure:8524: result: yes
configure:8539: checking if gcc supports -c -o file.o
configure:8560: gcc -c -g -O2  -o out/conftest2.o conftest.c >&5
configure:8564: $? = 0
configure:8586: result: yes
configure:8594: checking if gcc supports -c -o file.o
configure:8641: result: yes
configure:8674: checking whether the gcc linker (/usr/bin/ld) supports shared libraries
configure:9831: result: yes
configure:9868: checking whether -lc should be explicitly linked in
configure:9876: gcc -c -g -O2  conftest.c >&5
configure:9879: $? = 0
configure:9894: gcc -shared  -fPIC -DPIC conftest.o  -v -Wl,-soname -Wl,conftest -o conftest 2\>\&1 \| /bin/grep  -lc  \>/dev/null 2\>\&1
configure:9897: $? = 0
configure:9911: result: no
configure:10071: checking dynamic linker characteristics
configure:10571: gcc -o conftest -g -O2   -Wl,-rpath -Wl,/foo conftest.c  >&5
configure:10571: $? = 0
configure:10805: result: GNU/Linux ld.so
configure:10912: checking how to hardcode library paths into programs
configure:10937: result: immediate
configure:11477: checking whether stripping libraries is possible
configure:11482: result: yes
configure:11517: checking if libtool supports shared libraries
configure:11519: result: yes
configure:11522: checking whether to build shared libraries
configure:11543: result: yes
configure:11546: checking whether to build static libraries
configure:11550: result: yes
configure:11599: checking whether make supports nested variables
configure:11616: result: yes
configure:11631: checking for gcc option to accept ISO C99
configure:11780: gcc  -c -g -O2  conftest.c >&5
configure:11780: $? = 0
configure:11793: result: none needed
configure:11813: checking whether byte ordering is bigendian
configure:11828: gcc -c -g -O2  conftest.c >&5
conftest.c:26:9: error: unknown type name 'not'
         not a universal capable compiler
         ^~~
conftest.c:26:15: error: expected '=', ',', ';', 'asm' or '__attribute__' before 'universal'
         not a universal capable compiler
               ^~~~~~~~~
conftest.c:26:15: error: unknown type name 'universal'
configure:11828: $? = 1
configure: failed program was:
| /* confdefs.h */
| #define PACKAGE_NAME "phidget22 C Library"
| #define PACKAGE_TARNAME "libphidget22"
| #define PACKAGE_VERSION "1.4"
| #define PACKAGE_STRING "phidget22 C Library 1.4"
| #define PACKAGE_BUGREPORT "support@phidgets.com"
| #define PACKAGE_URL "www.phidgets.com"
| #define PACKAGE "libphidget22"
| #define VERSION "1.4"
| #define _HOST_CPU armv7l
| #define _MACHINE armv7l
| #define STDC_HEADERS 1
| #define HAVE_SYS_TYPES_H 1
| #define HAVE_SYS_STAT_H 1
| #define HAVE_STDLIB_H 1
| #define HAVE_STRING_H 1
| #define HAVE_MEMORY_H 1
| #define HAVE_STRINGS_H 1
| #define HAVE_INTTYPES_H 1
| #define HAVE_STDINT_H 1
| #define HAVE_UNISTD_H 1
| #define HAVE_DLFCN_H 1
| #define LT_OBJDIR ".libs/"
| /* end confdefs.h.  */
| #ifndef __APPLE_CC__
| 	       not a universal capable compiler
| 	     #endif
| 	     typedef int dummy;
| 
configure:11873: gcc -c -g -O2  conftest.c >&5
configure:11873: $? = 0
configure:11891: gcc -c -g -O2  conftest.c >&5
conftest.c: In function 'main':
conftest.c:32:4: error: unknown type name 'not'
    not big endian
    ^~~
conftest.c:32:12: error: expected '=', ',', ';', 'asm' or '__attribute__' before 'endian'
    not big endian
            ^~~~~~
configure:11891: $? = 1
configure: failed program was:
| /* confdefs.h */
| #define PACKAGE_NAME "phidget22 C Library"
| #define PACKAGE_TARNAME "libphidget22"
| #define PACKAGE_VERSION "1.4"
| #define PACKAGE_STRING "phidget22 C Library 1.4"
| #define PACKAGE_BUGREPORT "support@phidgets.com"
| #define PACKAGE_URL "www.phidgets.com"
| #define PACKAGE "libphidget22"
| #define VERSION "1.4"
| #define _HOST_CPU armv7l
| #define _MACHINE armv7l
| #define STDC_HEADERS 1
| #define HAVE_SYS_TYPES_H 1
| #define HAVE_SYS_STAT_H 1
| #define HAVE_STDLIB_H 1
| #define HAVE_STRING_H 1
| #define HAVE_MEMORY_H 1
| #define HAVE_STRINGS_H 1
| #define HAVE_INTTYPES_H 1
| #define HAVE_STDINT_H 1
| #define HAVE_UNISTD_H 1
| #define HAVE_DLFCN_H 1
| #define LT_OBJDIR ".libs/"
| /* end confdefs.h.  */
| #include <sys/types.h>
| 		#include <sys/param.h>
| 
| int
| main ()
| {
| #if BYTE_ORDER != BIG_ENDIAN
| 		 not big endian
| 		#endif
| 
|   ;
|   return 0;
| }
configure:12019: result: no
configure:12044: checking for ldconfig
configure:12062: found /sbin/ldconfig
configure:12075: result: /sbin/ldconfig
configure:12087: checking for library containing dlopen
configure:12118: gcc -o conftest -g -O2   conftest.c  >&5
/tmp/ccQnxHik.o: In function `main':
/home/pi/bird/Phidget22Python/libphidget22-1.4.20190605/conftest.c:37: undefined reference to `dlopen'
collect2: error: ld returned 1 exit status
configure:12118: $? = 1
configure: failed program was:
| /* confdefs.h */
| #define PACKAGE_NAME "phidget22 C Library"
| #define PACKAGE_TARNAME "libphidget22"
| #define PACKAGE_VERSION "1.4"
| #define PACKAGE_STRING "phidget22 C Library 1.4"
| #define PACKAGE_BUGREPORT "support@phidgets.com"
| #define PACKAGE_URL "www.phidgets.com"
| #define PACKAGE "libphidget22"
| #define VERSION "1.4"
| #define _HOST_CPU armv7l
| #define _MACHINE armv7l
| #define STDC_HEADERS 1
| #define HAVE_SYS_TYPES_H 1
| #define HAVE_SYS_STAT_H 1
| #define HAVE_STDLIB_H 1
| #define HAVE_STRING_H 1
| #define HAVE_MEMORY_H 1
| #define HAVE_STRINGS_H 1
| #define HAVE_INTTYPES_H 1
| #define HAVE_STDINT_H 1
| #define HAVE_UNISTD_H 1
| #define HAVE_DLFCN_H 1
| #define LT_OBJDIR ".libs/"
| #define MOS_BYTE_ORDER MOS_LITTLE_ENDIAN
| /* end confdefs.h.  */
| 
| /* Override any GCC internal prototype to avoid an error.
|    Use char because int might match the return type of a GCC
|    builtin and then its argument prototype would still apply.  */
| #ifdef __cplusplus
| extern "C"
| #endif
| char dlopen ();
| int
| main ()
| {
| return dlopen ();
|   ;
|   return 0;
| }
configure:12118: gcc -o conftest -g -O2   conftest.c -ldl   >&5
configure:12118: $? = 0
configure:12135: result: -ldl
configure:12145: checking for library containing sqrt
configure:12176: gcc -o conftest -g -O2   conftest.c -ldl  >&5
conftest.c:33:6: warning: conflicting types for built-in function 'sqrt'
 char sqrt ();
      ^~~~
/tmp/cceNVODl.o: In function `main':
/home/pi/bird/Phidget22Python/libphidget22-1.4.20190605/conftest.c:37: undefined reference to `sqrt'
collect2: error: ld returned 1 exit status
configure:12176: $? = 1
configure: failed program was:
| /* confdefs.h */
| #define PACKAGE_NAME "phidget22 C Library"
| #define PACKAGE_TARNAME "libphidget22"
| #define PACKAGE_VERSION "1.4"
| #define PACKAGE_STRING "phidget22 C Library 1.4"
| #define PACKAGE_BUGREPORT "support@phidgets.com"
| #define PACKAGE_URL "www.phidgets.com"
| #define PACKAGE "libphidget22"
| #define VERSION "1.4"
| #define _HOST_CPU armv7l
| #define _MACHINE armv7l
| #define STDC_HEADERS 1
| #define HAVE_SYS_TYPES_H 1
| #define HAVE_SYS_STAT_H 1
| #define HAVE_STDLIB_H 1
| #define HAVE_STRING_H 1
| #define HAVE_MEMORY_H 1
| #define HAVE_STRINGS_H 1
| #define HAVE_INTTYPES_H 1
| #define HAVE_STDINT_H 1
| #define HAVE_UNISTD_H 1
| #define HAVE_DLFCN_H 1
| #define LT_OBJDIR ".libs/"
| #define MOS_BYTE_ORDER MOS_LITTLE_ENDIAN
| /* end confdefs.h.  */
| 
| /* Override any GCC internal prototype to avoid an error.
|    Use char because int might match the return type of a GCC
|    builtin and then its argument prototype would still apply.  */
| #ifdef __cplusplus
| extern "C"
| #endif
| char sqrt ();
| int
| main ()
| {
| return sqrt ();
|   ;
|   return 0;
| }
configure:12176: gcc -o conftest -g -O2   conftest.c -lm  -ldl  >&5
conftest.c:33:6: warning: conflicting types for built-in function 'sqrt'
 char sqrt ();
      ^~~~
configure:12176: $? = 0
configure:12193: result: -lm
configure:12203: checking for library containing pthread_create
configure:12234: gcc -o conftest -g -O2   conftest.c -lm -ldl  >&5
/tmp/ccaoGpCE.o: In function `main':
/home/pi/bird/Phidget22Python/libphidget22-1.4.20190605/conftest.c:37: undefined reference to `pthread_create'
collect2: error: ld returned 1 exit status
configure:12234: $? = 1
configure: failed program was:
| /* confdefs.h */
| #define PACKAGE_NAME "phidget22 C Library"
| #define PACKAGE_TARNAME "libphidget22"
| #define PACKAGE_VERSION "1.4"
| #define PACKAGE_STRING "phidget22 C Library 1.4"
| #define PACKAGE_BUGREPORT "support@phidgets.com"
| #define PACKAGE_URL "www.phidgets.com"
| #define PACKAGE "libphidget22"
| #define VERSION "1.4"
| #define _HOST_CPU armv7l
| #define _MACHINE armv7l
| #define STDC_HEADERS 1
| #define HAVE_SYS_TYPES_H 1
| #define HAVE_SYS_STAT_H 1
| #define HAVE_STDLIB_H 1
| #define HAVE_STRING_H 1
| #define HAVE_MEMORY_H 1
| #define HAVE_STRINGS_H 1
| #define HAVE_INTTYPES_H 1
| #define HAVE_STDINT_H 1
| #define HAVE_UNISTD_H 1
| #define HAVE_DLFCN_H 1
| #define LT_OBJDIR ".libs/"
| #define MOS_BYTE_ORDER MOS_LITTLE_ENDIAN
| /* end confdefs.h.  */
| 
| /* Override any GCC internal prototype to avoid an error.
|    Use char because int might match the return type of a GCC
|    builtin and then its argument prototype would still apply.  */
| #ifdef __cplusplus
| extern "C"
| #endif
| char pthread_create ();
| int
| main ()
| {
| return pthread_create ();
|   ;
|   return 0;
| }
configure:12234: gcc -o conftest -g -O2   conftest.c -lpthread  -lm -ldl  >&5
configure:12234: $? = 0
configure:12251: result: -lpthread
configure:12262: checking for library containing libusb_init
configure:12293: gcc -o conftest -g -O2   conftest.c -lpthread -lm -ldl  >&5
/tmp/ccEa4lxI.o: In function `main':
/home/pi/bird/Phidget22Python/libphidget22-1.4.20190605/conftest.c:38: undefined reference to `libusb_init'
collect2: error: ld returned 1 exit status
configure:12293: $? = 1
configure: failed program was:
| /* confdefs.h */
| #define PACKAGE_NAME "phidget22 C Library"
| #define PACKAGE_TARNAME "libphidget22"
| #define PACKAGE_VERSION "1.4"
| #define PACKAGE_STRING "phidget22 C Library 1.4"
| #define PACKAGE_BUGREPORT "support@phidgets.com"
| #define PACKAGE_URL "www.phidgets.com"
| #define PACKAGE "libphidget22"
| #define VERSION "1.4"
| #define _HOST_CPU armv7l
| #define _MACHINE armv7l
| #define STDC_HEADERS 1
| #define HAVE_SYS_TYPES_H 1
| #define HAVE_SYS_STAT_H 1
| #define HAVE_STDLIB_H 1
| #define HAVE_STRING_H 1
| #define HAVE_MEMORY_H 1
| #define HAVE_STRINGS_H 1
| #define HAVE_INTTYPES_H 1
| #define HAVE_STDINT_H 1
| #define HAVE_UNISTD_H 1
| #define HAVE_DLFCN_H 1
| #define LT_OBJDIR ".libs/"
| #define MOS_BYTE_ORDER MOS_LITTLE_ENDIAN
| #define _MOS_PTHREADS 1
| /* end confdefs.h.  */
| 
| /* Override any GCC internal prototype to avoid an error.
|    Use char because int might match the return type of a GCC
|    builtin and then its argument prototype would still apply.  */
| #ifdef __cplusplus
| extern "C"
| #endif
| char libusb_init ();
| int
| main ()
| {
| return libusb_init ();
|   ;
|   return 0;
| }
configure:12293: gcc -o conftest -g -O2   conftest.c -lusb-1.0  -lpthread -lm -ldl  >&5
configure:12293: $? = 0
configure:12310: result: -lusb-1.0
configure:12766: checking that generated files are newer than configure
configure:12772: result: done
configure:12808: creating ./config.status

## ---------------------- ##
## Running config.status. ##
## ---------------------- ##

This file was extended by phidget22 C Library config.status 1.4, which was
generated by GNU Autoconf 2.69.  Invocation command line was

  CONFIG_FILES    = 
  CONFIG_HEADERS  = 
  CONFIG_LINKS    = 
  CONFIG_COMMANDS = 
  $ ./config.status 

on raspberrypi

config.status:1014: creating Makefile
config.status:1014: creating libphidget22.pc
config.status:1186: executing depfiles commands
config.status:1186: executing libtool commands

## ---------------- ##
## Cache variables. ##
## ---------------- ##

ac_cv_build=armv7l-unknown-linux-gnueabihf
ac_cv_c_bigendian=no
ac_cv_c_compiler_gnu=yes
ac_cv_env_CC_set=
ac_cv_env_CC_value=
ac_cv_env_CFLAGS_set=
ac_cv_env_CFLAGS_value=
ac_cv_env_CPPFLAGS_set=
ac_cv_env_CPPFLAGS_value=
ac_cv_env_CPP_set=
ac_cv_env_CPP_value=
ac_cv_env_LDCONFIG_set=
ac_cv_env_LDCONFIG_value=
ac_cv_env_LDFLAGS_set=
ac_cv_env_LDFLAGS_value=
ac_cv_env_LIBS_set=
ac_cv_env_LIBS_value=
ac_cv_env_build_alias_set=
ac_cv_env_build_alias_value=
ac_cv_env_host_alias_set=
ac_cv_env_host_alias_value=
ac_cv_env_target_alias_set=
ac_cv_env_target_alias_value=
ac_cv_header_dlfcn_h=yes
ac_cv_header_inttypes_h=yes
ac_cv_header_memory_h=yes
ac_cv_header_stdc=yes
ac_cv_header_stdint_h=yes
ac_cv_header_stdlib_h=yes
ac_cv_header_string_h=yes
ac_cv_header_strings_h=yes
ac_cv_header_sys_stat_h=yes
ac_cv_header_sys_types_h=yes
ac_cv_header_unistd_h=yes
ac_cv_host=armv7l-unknown-linux-gnueabihf
ac_cv_objext=o
ac_cv_path_EGREP='/bin/grep -E'
ac_cv_path_FGREP='/bin/grep -F'
ac_cv_path_GREP=/bin/grep
ac_cv_path_LDCONFIG=/sbin/ldconfig
ac_cv_path_SED=/bin/sed
ac_cv_path_install='/usr/bin/install -c'
ac_cv_path_mkdir=/bin/mkdir
ac_cv_prog_AWK=mawk
ac_cv_prog_CPP='gcc -E'
ac_cv_prog_ac_ct_AR=ar
ac_cv_prog_ac_ct_CC=gcc
ac_cv_prog_ac_ct_MANIFEST_TOOL=mt
ac_cv_prog_ac_ct_OBJDUMP=objdump
ac_cv_prog_ac_ct_RANLIB=ranlib
ac_cv_prog_ac_ct_STRIP=strip
ac_cv_prog_cc_c89=
ac_cv_prog_cc_c99=
ac_cv_prog_cc_g=yes
ac_cv_prog_make_make_set=yes
ac_cv_search_dlopen=-ldl
ac_cv_search_libusb_init=-lusb-1.0
ac_cv_search_pthread_create=-lpthread
ac_cv_search_sqrt=-lm
am_cv_CC_dependencies_compiler_type=gcc3
am_cv_ar_interface=ar
am_cv_make_support_nested_variables=yes
am_cv_prog_cc_c_o=yes
lt_cv_ar_at_file=@
lt_cv_archive_cmds_need_lc=no
lt_cv_deplibs_check_method=pass_all
lt_cv_file_magic_cmd='$MAGIC_CMD'
lt_cv_file_magic_test_file=
lt_cv_ld_reload_flag=-r
lt_cv_nm_interface='BSD nm'
lt_cv_objdir=.libs
lt_cv_path_LD=/usr/bin/ld
lt_cv_path_NM='/usr/bin/nm -B'
lt_cv_path_mainfest_tool=no
lt_cv_prog_compiler_c_o=yes
lt_cv_prog_compiler_pic='-fPIC -DPIC'
lt_cv_prog_compiler_pic_works=yes
lt_cv_prog_compiler_rtti_exceptions=no
lt_cv_prog_compiler_static_works=yes
lt_cv_prog_gnu_ld=yes
lt_cv_sharedlib_from_linklib_cmd='printf %s\n'
lt_cv_shlibpath_overrides_runpath=no
lt_cv_sys_global_symbol_pipe='sed -n -e '\''s/^.*[	 ]\([ABCDGIRSTW][ABCDGIRSTW]*\)[	 ][	 ]*\([_A-Za-z][_A-Za-z0-9]*\)$/\1 \2 \2/p'\'' | sed '\''/ __gnu_lto/d'\'''
lt_cv_sys_global_symbol_to_c_name_address='sed -n -e '\''s/^: \([^ ]*\)[ ]*$/  {\"\1\", (void *) 0},/p'\'' -e '\''s/^[ABCDGIRSTW]* \([^ ]*\) \([^ ]*\)$/  {"\2", (void *) \&\2},/p'\'''
lt_cv_sys_global_symbol_to_c_name_address_lib_prefix='sed -n -e '\''s/^: \([^ ]*\)[ ]*$/  {\"\1\", (void *) 0},/p'\'' -e '\''s/^[ABCDGIRSTW]* \([^ ]*\) \(lib[^ ]*\)$/  {"\2", (void *) \&\2},/p'\'' -e '\''s/^[ABCDGIRSTW]* \([^ ]*\) \([^ ]*\)$/  {"lib\2", (void *) \&\2},/p'\'''
lt_cv_sys_global_symbol_to_cdecl='sed -n -e '\''s/^T .* \(.*\)$/extern int \1();/p'\'' -e '\''s/^[ABCDGIRSTW]* .* \(.*\)$/extern char \1;/p'\'''
lt_cv_sys_max_cmd_len=1572864
lt_cv_to_host_file_cmd=func_convert_file_noop
lt_cv_to_tool_file_cmd=func_convert_file_noop

## ----------------- ##
## Output variables. ##
## ----------------- ##

ACLOCAL='${SHELL} /home/pi/bird/Phidget22Python/libphidget22-1.4.20190605/build/missing aclocal-1.14'
AMDEPBACKSLASH='\'
AMDEP_FALSE='#'
AMDEP_TRUE=''
AMTAR='$${TAR-tar}'
AM_BACKSLASH='\'
AM_DEFAULT_V='$(AM_DEFAULT_VERBOSITY)'
AM_DEFAULT_VERBOSITY='0'
AM_V='$(V)'
AR='ar'
AUTOCONF='${SHELL} /home/pi/bird/Phidget22Python/libphidget22-1.4.20190605/build/missing autoconf'
AUTOHEADER='${SHELL} /home/pi/bird/Phidget22Python/libphidget22-1.4.20190605/build/missing autoheader'
AUTOMAKE='${SHELL} /home/pi/bird/Phidget22Python/libphidget22-1.4.20190605/build/missing automake-1.14'
AWK='mawk'
CC='gcc'
CCDEPMODE='depmode=gcc3'
CFLAGS='-g -O2'
CPP='gcc -E'
CPPFLAGS=''
CYGPATH_W='echo'
DEFS='-DPACKAGE_NAME=\"phidget22\ C\ Library\" -DPACKAGE_TARNAME=\"libphidget22\" -DPACKAGE_VERSION=\"1.4\" -DPACKAGE_STRING=\"phidget22\ C\ Library\ 1.4\" -DPACKAGE_BUGREPORT=\"support@phidgets.com\" -DPACKAGE_URL=\"www.phidgets.com\" -DPACKAGE=\"libphidget22\" -DVERSION=\"1.4\" -D_HOST_CPU=armv7l -D_MACHINE=armv7l -DSTDC_HEADERS=1 -DHAVE_SYS_TYPES_H=1 -DHAVE_SYS_STAT_H=1 -DHAVE_STDLIB_H=1 -DHAVE_STRING_H=1 -DHAVE_MEMORY_H=1 -DHAVE_STRINGS_H=1 -DHAVE_INTTYPES_H=1 -DHAVE_STDINT_H=1 -DHAVE_UNISTD_H=1 -DHAVE_DLFCN_H=1 -DLT_OBJDIR=\".libs/\" -DMOS_BYTE_ORDER=MOS_LITTLE_ENDIAN -D_MOS_PTHREADS=1 -DUNIX=1 -D_LINUX=1 -DLinux=1'
DEPDIR='.deps'
DLLTOOL='false'
DSYMUTIL=''
DUMPBIN=''
ECHO_C=''
ECHO_N='-n'
ECHO_T=''
EGREP='/bin/grep -E'
EXEEXT=''
FGREP='/bin/grep -F'
GREP='/bin/grep'
INSTALL_DATA='${INSTALL} -m 644'
INSTALL_PROGRAM='${INSTALL}'
INSTALL_SCRIPT='${INSTALL}'
INSTALL_STRIP_PROGRAM='$(install_sh) -c -s'
LABVIEW_FALSE=''
LABVIEW_TRUE='#'
LD='/usr/bin/ld'
LDCONFIG='/sbin/ldconfig'
LDFLAGS=''
LIBOBJS=''
LIBS='-lusb-1.0 -lpthread -lm -ldl '
LIBTOOL='$(SHELL) $(top_builddir)/libtool'
LIPO=''
LN_S='ln -s'
LTLIBOBJS=''
MAKEINFO='${SHELL} /home/pi/bird/Phidget22Python/libphidget22-1.4.20190605/build/missing makeinfo'
MANIFEST_TOOL=':'
MKDIR_P='/bin/mkdir -p'
NM='/usr/bin/nm -B'
NMEDIT=''
OBJDUMP='objdump'
OBJEXT='o'
OS='Linux'
OTOOL64=''
OTOOL=''
PACKAGE='libphidget22'
PACKAGE_BUGREPORT='support@phidgets.com'
PACKAGE_NAME='phidget22 C Library'
PACKAGE_STRING='phidget22 C Library 1.4'
PACKAGE_TARNAME='libphidget22'
PACKAGE_URL='www.phidgets.com'
PACKAGE_VERSION='1.4'
PATH_SEPARATOR=':'
RANLIB='ranlib'
RUN_LDCONFIG_FALSE=''
RUN_LDCONFIG_TRUE='#'
SED='/bin/sed'
SET_MAKE=''
SHELL='/bin/bash'
SPI_FALSE=''
SPI_TRUE='#'
STRIP='strip'
VERSION='1.4'
ac_ct_AR='ar'
ac_ct_CC='gcc'
ac_ct_DUMPBIN=''
am__EXEEXT_FALSE=''
am__EXEEXT_TRUE='#'
am__fastdepCC_FALSE='#'
am__fastdepCC_TRUE=''
am__include='include'
am__isrc=''
am__leading_dot='.'
am__nodep='_no'
am__quote=''
am__tar='$${TAR-tar} chof - "$$tardir"'
am__untar='$${TAR-tar} xf -'
bindir='${exec_prefix}/bin'
build='armv7l-unknown-linux-gnueabihf'
build_alias=''
build_cpu='armv7l'
build_os='linux-gnueabihf'
build_vendor='unknown'
datadir='${datarootdir}'
datarootdir='${prefix}/share'
docdir='${datarootdir}/doc/${PACKAGE_TARNAME}'
dvidir='${docdir}'
exec_prefix='${prefix}'
host='armv7l-unknown-linux-gnueabihf'
host_alias=''
host_cpu='armv7l'
host_os='linux-gnueabihf'
host_vendor='unknown'
htmldir='${docdir}'
includedir='${prefix}/include'
infodir='${datarootdir}/info'
install_sh='${SHELL} /home/pi/bird/Phidget22Python/libphidget22-1.4.20190605/build/install-sh'
libdir='${exec_prefix}/lib'
libexecdir='${exec_prefix}/libexec'
localedir='${datarootdir}/locale'
localstatedir='${prefix}/var'
mandir='${datarootdir}/man'
mkdir_p='$(MKDIR_P)'
oldincludedir='/usr/include'
pdfdir='${docdir}'
prefix='/usr'
program_transform_name='s,x,x,'
psdir='${docdir}'
sbindir='${exec_prefix}/sbin'
sharedstatedir='${prefix}/com'
sysconfdir='${prefix}/etc'
target_alias=''

## ----------- ##
## confdefs.h. ##
## ----------- ##

/* confdefs.h */
#define PACKAGE_NAME "phidget22 C Library"
#define PACKAGE_TARNAME "libphidget22"
#define PACKAGE_VERSION "1.4"
#define PACKAGE_STRING "phidget22 C Library 1.4"
#define PACKAGE_BUGREPORT "support@phidgets.com"
#define PACKAGE_URL "www.phidgets.com"
#define PACKAGE "libphidget22"
#define VERSION "1.4"
#define _HOST_CPU armv7l
#define _MACHINE armv7l
#define STDC_HEADERS 1
#define HAVE_SYS_TYPES_H 1
#define HAVE_SYS_STAT_H 1
#define HAVE_STDLIB_H 1
#define HAVE_STRING_H 1
#define HAVE_MEMORY_H 1
#define HAVE_STRINGS_H 1
#define HAVE_INTTYPES_H 1
#define HAVE_STDINT_H 1
#define HAVE_UNISTD_H 1
#define HAVE_DLFCN_H 1
#define LT_OBJDIR ".libs/"
#define MOS_BYTE_ORDER MOS_LITTLE_ENDIAN
#define _MOS_PTHREADS 1
#define UNIX 1
#define _LINUX 1
#define Linux 1

configure: exit 0
